/home/frank/github_cron/cron.sh: 1: GNU: not found
[main 59e54df] Auto-commit: 2025-09-01 20:28:01
 4 files changed, 25 insertions(+), 1 deletion(-)
 create mode 100644 cron.log
 create mode 100755 cron.sh
 create mode 100644 ls.log
To github.com:FrankMwangi8118/dummy.git
   e2874f9..59e54df  main -> main
✅ Dummy commit pushed at  1 Septemba 2025 08:28:06 alasiri EAT
/home/frank/github_cron/cron.sh: 1: GNU: not found
[main e9ffbbb] Auto-commit: 2025-09-01 20:29:01
 2 files changed, 10 insertions(+), 1 deletion(-)
To github.com:FrankMwangi8118/dummy.git
   59e54df..e9ffbbb  main -> main
✅ Dummy commit pushed at  1 Septemba 2025 08:29:06 alasiri EAT
/home/frank/github_cron/cron.sh: 1: GNU: not found
[main b1dbb6b] Auto-commit: 2025-09-01 20:30:01
 2 files changed, 7 insertions(+), 1 deletion(-)
To github.com:FrankMwangi8118/dummy.git
   e9ffbbb..b1dbb6b  main -> main
✅ Dummy commit pushed at  1 Septemba 2025 08:30:06 alasiri EAT
/home/frank/github_cron/cron.sh: 1: GNU: not found
[main 523fc62] Auto-commit: 2025-09-01 20:31:01
 2 files changed, 7 insertions(+), 1 deletion(-)
To github.com:FrankMwangi8118/dummy.git
   b1dbb6b..523fc62  main -> main
✅ Dummy commit pushed at  1 Septemba 2025 08:31:05 alasiri EAT
/home/frank/github_cron/cron.sh: 1: GNU: not found
[main 614e73d] Auto-commit: 2025-09-01 20:32:01
 2 files changed, 7 insertions(+), 1 deletion(-)
To github.com:FrankMwangi8118/dummy.git
   523fc62..614e73d  main -> main
✅ Dummy commit pushed at  1 Septemba 2025 08:32:04 alasiri EAT
/home/frank/github_cron/cron.sh: 1: GNU: not found
[main f8794c8] Auto-commit: 2025-09-01 20:33:01
 3 files changed, 29 insertions(+), 1 deletion(-)
 create mode 100755 l/cron.sh
To github.com:FrankMwangi8118/dummy.git
   614e73d..f8794c8  main -> main
✅ Dummy commit pushed at  1 Septemba 2025 08:33:05 alasiri EAT
/home/frank/github_cron/cron.sh: 1: GNU: not found
[main 9906112] Auto-commit: 2025-09-01 20:34:01
 2 files changed, 8 insertions(+), 1 deletion(-)
To github.com:FrankMwangi8118/dummy.git
   f8794c8..9906112  main -> main
✅ Dummy commit pushed at  1 Septemba 2025 08:34:04 alasiri EAT
/home/frank/github_cron/cron.sh: 1: GNU: not found
[main 4af2300] Auto-commit: 2025-09-01 20:35:01
 2 files changed, 7 insertions(+), 1 deletion(-)
To github.com:FrankMwangi8118/dummy.git
   9906112..4af2300  main -> main
✅ Dummy commit pushed at  1 Septemba 2025 08:35:04 alasiri EAT
/home/frank/github_cron/cron.sh: 1: GNU: not found
[main 58f6eb4] Auto-commit: 2025-09-01 20:36:01
 2 files changed, 7 insertions(+), 1 deletion(-)
To github.com:FrankMwangi8118/dummy.git
   4af2300..58f6eb4  main -> main
✅ Dummy commit pushed at  1 Septemba 2025 08:36:05 alasiri EAT
/home/frank/github_cron/cron.sh: 1: GNU: not found
[main 7f27b4c] Auto-commit: 2025-09-01 20:37:01
 2 files changed, 7 insertions(+), 1 deletion(-)
To github.com:FrankMwangi8118/dummy.git
   58f6eb4..7f27b4c  main -> main
✅ Dummy commit pushed at  1 Septemba 2025 08:37:05 alasiri EAT
/home/frank/github_cron/cron.sh: 1: GNU: not found
[main e315b65] Auto-commit: 2025-09-01 20:38:01
 2 files changed, 7 insertions(+), 1 deletion(-)
To github.com:FrankMwangi8118/dummy.git
   7f27b4c..e315b65  main -> main
✅ Dummy commit pushed at  1 Septemba 2025 08:38:06 alasiri EAT
/home/frank/github_cron/cron.sh: 1: GNU: not found
[main f47ea81] Auto-commit: 2025-09-01 20:39:01
 2 files changed, 7 insertions(+), 1 deletion(-)
To github.com:FrankMwangi8118/dummy.git
   e315b65..f47ea81  main -> main
✅ Dummy commit pushed at  1 Septemba 2025 08:39:05 alasiri EAT
/home/frank/github_cron/cron.sh: 1: GNU: not found
[main 45a3ba8] Auto-commit: 2025-09-01 20:40:01
 2 files changed, 7 insertions(+), 1 deletion(-)
To github.com:FrankMwangi8118/dummy.git
   f47ea81..45a3ba8  main -> main
✅ Dummy commit pushed at  1 Septemba 2025 08:40:08 alasiri EAT
/home/frank/github_cron/cron.sh: 1: GNU: not found
[main 2dd2186] Auto-commit: 2025-09-01 20:41:01
 2 files changed, 7 insertions(+), 1 deletion(-)
To github.com:FrankMwangi8118/dummy.git
   45a3ba8..2dd2186  main -> main
✅ Dummy commit pushed at  1 Septemba 2025 08:41:06 alasiri EAT
/home/frank/github_cron/cron.sh: 1: GNU: not found
[main 8e0cd78] Auto-commit: 2025-09-01 22:06:01
 2 files changed, 7 insertions(+), 1 deletion(-)
To github.com:FrankMwangi8118/dummy.git
   2dd2186..8e0cd78  main -> main
✅ Dummy commit pushed at  1 Septemba 2025 10:06:06 alasiri EAT
/home/frank/github_cron/cron.sh: 1: GNU: not found
[main 1aa87de] Auto-commit: 2025-09-01 22:07:01
 2 files changed, 7 insertions(+), 1 deletion(-)
To github.com:FrankMwangi8118/dummy.git
   8e0cd78..1aa87de  main -> main
✅ Dummy commit pushed at  1 Septemba 2025 10:07:07 alasiri EAT
/home/frank/github_cron/cron.sh: 1: GNU: not found
[main 1ceec1a] Auto-commit: 2025-09-01 22:08:01
 2 files changed, 7 insertions(+), 1 deletion(-)
To github.com:FrankMwangi8118/dummy.git
   1aa87de..1ceec1a  main -> main
✅ Dummy commit pushed at  1 Septemba 2025 10:08:04 alasiri EAT
/home/frank/github_cron/cron.sh: 1: GNU: not found
[main a58e552] Auto-commit: 2025-09-01 22:09:01
 2 files changed, 7 insertions(+), 1 deletion(-)
To github.com:FrankMwangi8118/dummy.git
   1ceec1a..a58e552  main -> main
✅ Dummy commit pushed at  1 Septemba 2025 10:09:05 alasiri EAT
/home/frank/github_cron/cron.sh: 1: GNU: not found
[main 86bce00] Auto-commit: 2025-09-01 22:10:01
 2 files changed, 7 insertions(+), 1 deletion(-)
To github.com:FrankMwangi8118/dummy.git
   a58e552..86bce00  main -> main
✅ Dummy commit pushed at  1 Septemba 2025 10:10:06 alasiri EAT
/home/frank/github_cron/cron.sh: 1: GNU: not found
[main efcb760] Auto-commit: 2025-09-01 22:11:01
 2 files changed, 7 insertions(+), 1 deletion(-)
To github.com:FrankMwangi8118/dummy.git
   86bce00..efcb760  main -> main
✅ Dummy commit pushed at  1 Septemba 2025 10:11:05 alasiri EAT
/home/frank/github_cron/cron.sh: 1: GNU: not found
[main 10c0f5b] Auto-commit: 2025-09-01 22:12:01
 2 files changed, 7 insertions(+), 1 deletion(-)
To github.com:FrankMwangi8118/dummy.git
   efcb760..10c0f5b  main -> main
✅ Dummy commit pushed at  1 Septemba 2025 10:12:05 alasiri EAT
/home/frank/github_cron/cron.sh: 1: GNU: not found
[main 33cc57f] Auto-commit: 2025-09-01 22:13:02
 2 files changed, 7 insertions(+), 1 deletion(-)
To github.com:FrankMwangi8118/dummy.git
   10c0f5b..33cc57f  main -> main
✅ Dummy commit pushed at  1 Septemba 2025 10:13:06 alasiri EAT
/home/frank/github_cron/cron.sh: 1: GNU: not found
[main e293f89] Auto-commit: 2025-09-01 22:14:01
 2 files changed, 7 insertions(+), 1 deletion(-)
To github.com:FrankMwangi8118/dummy.git
   33cc57f..e293f89  main -> main
✅ Dummy commit pushed at  1 Septemba 2025 10:14:04 alasiri EAT
/home/frank/github_cron/cron.sh: 1: GNU: not found
[main 9a87cc5] Auto-commit: 2025-09-01 22:15:01
 2 files changed, 7 insertions(+), 1 deletion(-)
To github.com:FrankMwangi8118/dummy.git
   e293f89..9a87cc5  main -> main
✅ Dummy commit pushed at  1 Septemba 2025 10:15:05 alasiri EAT
/home/frank/github_cron/cron.sh: 1: GNU: not found
[main aa3faa8] Auto-commit: 2025-09-01 22:16:01
 2 files changed, 7 insertions(+), 1 deletion(-)
To github.com:FrankMwangi8118/dummy.git
   9a87cc5..aa3faa8  main -> main
✅ Dummy commit pushed at  1 Septemba 2025 10:16:05 alasiri EAT
/home/frank/github_cron/cron.sh: 1: GNU: not found
[main aa8ecf3] Auto-commit: 2025-09-01 22:17:01
 2 files changed, 7 insertions(+), 1 deletion(-)
To github.com:FrankMwangi8118/dummy.git
   aa3faa8..aa8ecf3  main -> main
✅ Dummy commit pushed at  1 Septemba 2025 10:17:04 alasiri EAT
/home/frank/github_cron/cron.sh: 1: GNU: not found
[main b2c9548] Auto-commit: 2025-09-01 22:18:01
 2 files changed, 7 insertions(+), 1 deletion(-)
To github.com:FrankMwangi8118/dummy.git
   aa8ecf3..b2c9548  main -> main
✅ Dummy commit pushed at  1 Septemba 2025 10:18:05 alasiri EAT
/home/frank/github_cron/cron.sh: 1: GNU: not found
[main a86153a] Auto-commit: 2025-09-01 22:19:01
 2 files changed, 7 insertions(+), 1 deletion(-)
To github.com:FrankMwangi8118/dummy.git
   b2c9548..a86153a  main -> main
✅ Dummy commit pushed at  1 Septemba 2025 10:19:05 alasiri EAT
/home/frank/github_cron/cron.sh: 1: GNU: not found
[main 1e06ff5] Auto-commit: 2025-09-01 22:20:01
 2 files changed, 7 insertions(+), 1 deletion(-)
To github.com:FrankMwangi8118/dummy.git
   a86153a..1e06ff5  main -> main
✅ Dummy commit pushed at  1 Septemba 2025 10:20:05 alasiri EAT
/home/frank/github_cron/cron.sh: 1: GNU: not found
[main 510e5bd] Auto-commit: 2025-09-01 22:21:01
 2 files changed, 7 insertions(+), 1 deletion(-)
To github.com:FrankMwangi8118/dummy.git
   1e06ff5..510e5bd  main -> main
✅ Dummy commit pushed at  1 Septemba 2025 10:21:05 alasiri EAT
/home/frank/github_cron/cron.sh: 1: GNU: not found
[main 3546244] Auto-commit: 2025-09-01 22:22:01
 2 files changed, 7 insertions(+), 1 deletion(-)
To github.com:FrankMwangi8118/dummy.git
   510e5bd..3546244  main -> main
✅ Dummy commit pushed at  1 Septemba 2025 10:22:05 alasiri EAT
/home/frank/github_cron/cron.sh: 1: GNU: not found
[main 195e289] Auto-commit: 2025-09-01 22:23:01
 2 files changed, 7 insertions(+), 1 deletion(-)
To github.com:FrankMwangi8118/dummy.git
   3546244..195e289  main -> main
✅ Dummy commit pushed at  1 Septemba 2025 10:23:05 alasiri EAT
/home/frank/github_cron/cron.sh: 1: GNU: not found
[main fb63c21] Auto-commit: 2025-09-01 22:24:01
 2 files changed, 7 insertions(+), 1 deletion(-)
To github.com:FrankMwangi8118/dummy.git
   195e289..fb63c21  main -> main
✅ Dummy commit pushed at  1 Septemba 2025 10:24:05 alasiri EAT
/home/frank/github_cron/cron.sh: 1: GNU: not found
[main a540495] Auto-commit: 2025-09-01 22:25:01
 2 files changed, 7 insertions(+), 1 deletion(-)
To github.com:FrankMwangi8118/dummy.git
   fb63c21..a540495  main -> main
✅ Dummy commit pushed at  1 Septemba 2025 10:25:05 alasiri EAT
/home/frank/github_cron/cron.sh: 1: GNU: not found
[main 09c9199] Auto-commit: 2025-09-01 22:26:01
 2 files changed, 7 insertions(+), 1 deletion(-)
To github.com:FrankMwangi8118/dummy.git
   a540495..09c9199  main -> main
✅ Dummy commit pushed at  1 Septemba 2025 10:26:04 alasiri EAT
/home/frank/github_cron/cron.sh: 1: GNU: not found
[main 1659151] Auto-commit: 2025-09-01 22:27:01
 2 files changed, 7 insertions(+), 1 deletion(-)
To github.com:FrankMwangi8118/dummy.git
   09c9199..1659151  main -> main
✅ Dummy commit pushed at  1 Septemba 2025 10:27:05 alasiri EAT
/home/frank/github_cron/cron.sh: 1: GNU: not found
[main eac999e] Auto-commit: 2025-09-01 22:28:01
 2 files changed, 7 insertions(+), 1 deletion(-)
To github.com:FrankMwangi8118/dummy.git
   1659151..eac999e  main -> main
✅ Dummy commit pushed at  1 Septemba 2025 10:28:05 alasiri EAT
/home/frank/github_cron/cron.sh: 1: GNU: not found
[main c917600] Auto-commit: 2025-09-01 22:29:01
 2 files changed, 7 insertions(+), 1 deletion(-)
To github.com:FrankMwangi8118/dummy.git
   eac999e..c917600  main -> main
✅ Dummy commit pushed at  1 Septemba 2025 10:29:05 alasiri EAT
/home/frank/github_cron/cron.sh: 1: GNU: not found
[main 46c91cf] Auto-commit: 2025-09-01 22:30:01
 2 files changed, 7 insertions(+), 1 deletion(-)
To github.com:FrankMwangi8118/dummy.git
   c917600..46c91cf  main -> main
✅ Dummy commit pushed at  1 Septemba 2025 10:30:05 alasiri EAT
/home/frank/github_cron/cron.sh: 1: GNU: not found
[main 28632d6] Auto-commit: 2025-09-01 22:31:01
 2 files changed, 7 insertions(+), 1 deletion(-)
To github.com:FrankMwangi8118/dummy.git
   46c91cf..28632d6  main -> main
✅ Dummy commit pushed at  1 Septemba 2025 10:31:06 alasiri EAT
/home/frank/github_cron/cron.sh: 1: GNU: not found
[main 0ea51cd] Auto-commit: 2025-09-01 22:32:01
 2 files changed, 7 insertions(+), 1 deletion(-)
To github.com:FrankMwangi8118/dummy.git
   28632d6..0ea51cd  main -> main
✅ Dummy commit pushed at  1 Septemba 2025 10:32:05 alasiri EAT
/home/frank/github_cron/cron.sh: 1: GNU: not found
[main 9c59782] Auto-commit: 2025-09-01 22:33:01
 2 files changed, 7 insertions(+), 1 deletion(-)
To github.com:FrankMwangi8118/dummy.git
   0ea51cd..9c59782  main -> main
✅ Dummy commit pushed at  1 Septemba 2025 10:33:04 alasiri EAT
/home/frank/github_cron/cron.sh: 1: GNU: not found
[main e328ccb] Auto-commit: 2025-09-01 22:34:01
 2 files changed, 7 insertions(+), 1 deletion(-)
To github.com:FrankMwangi8118/dummy.git
   9c59782..e328ccb  main -> main
✅ Dummy commit pushed at  1 Septemba 2025 10:34:05 alasiri EAT
/home/frank/github_cron/cron.sh: 1: GNU: not found
[main fe07a9d] Auto-commit: 2025-09-01 22:35:02
 2 files changed, 7 insertions(+), 1 deletion(-)
To github.com:FrankMwangi8118/dummy.git
   e328ccb..fe07a9d  main -> main
✅ Dummy commit pushed at  1 Septemba 2025 10:35:06 alasiri EAT
/home/frank/github_cron/cron.sh: 1: GNU: not found
[main 8d146cb] Auto-commit: 2025-09-01 22:36:01
 2 files changed, 7 insertions(+), 1 deletion(-)
To github.com:FrankMwangi8118/dummy.git
   fe07a9d..8d146cb  main -> main
✅ Dummy commit pushed at  1 Septemba 2025 10:36:05 alasiri EAT
/home/frank/github_cron/cron.sh: 1: GNU: not found
[main 438679a] Auto-commit: 2025-09-01 22:37:01
 2 files changed, 7 insertions(+), 1 deletion(-)
To github.com:FrankMwangi8118/dummy.git
   8d146cb..438679a  main -> main
✅ Dummy commit pushed at  1 Septemba 2025 10:37:04 alasiri EAT
/home/frank/github_cron/cron.sh: 1: GNU: not found
[main 0999227] Auto-commit: 2025-09-01 22:38:01
 2 files changed, 7 insertions(+), 1 deletion(-)
To github.com:FrankMwangi8118/dummy.git
   438679a..0999227  main -> main
✅ Dummy commit pushed at  1 Septemba 2025 10:38:05 alasiri EAT
/home/frank/github_cron/cron.sh: 1: GNU: not found
[main ed8a956] Auto-commit: 2025-09-01 22:39:01
 2 files changed, 7 insertions(+), 1 deletion(-)
To github.com:FrankMwangi8118/dummy.git
   0999227..ed8a956  main -> main
✅ Dummy commit pushed at  1 Septemba 2025 10:39:04 alasiri EAT
/home/frank/github_cron/cron.sh: 1: GNU: not found
[main 6999a28] Auto-commit: 2025-09-01 22:40:01
 2 files changed, 7 insertions(+), 1 deletion(-)
To github.com:FrankMwangi8118/dummy.git
   ed8a956..6999a28  main -> main
✅ Dummy commit pushed at  1 Septemba 2025 10:40:05 alasiri EAT
/home/frank/github_cron/cron.sh: 1: GNU: not found
[main 68044f0] Auto-commit: 2025-09-01 22:41:01
 2 files changed, 7 insertions(+), 1 deletion(-)
To github.com:FrankMwangi8118/dummy.git
   6999a28..68044f0  main -> main
✅ Dummy commit pushed at  1 Septemba 2025 10:41:06 alasiri EAT
/home/frank/github_cron/cron.sh: 1: GNU: not found
[main 71ec13f] Auto-commit: 2025-09-01 22:42:01
 2 files changed, 7 insertions(+), 1 deletion(-)
To github.com:FrankMwangi8118/dummy.git
   68044f0..71ec13f  main -> main
✅ Dummy commit pushed at  1 Septemba 2025 10:42:05 alasiri EAT
/home/frank/github_cron/cron.sh: 1: GNU: not found
[main 8649c8f] Auto-commit: 2025-09-01 22:43:01
 2 files changed, 7 insertions(+), 1 deletion(-)
To github.com:FrankMwangi8118/dummy.git
   71ec13f..8649c8f  main -> main
✅ Dummy commit pushed at  1 Septemba 2025 10:43:05 alasiri EAT
/home/frank/github_cron/cron.sh: 1: GNU: not found
[main daf4a0d] Auto-commit: 2025-09-01 22:44:01
 2 files changed, 7 insertions(+), 1 deletion(-)
To github.com:FrankMwangi8118/dummy.git
   8649c8f..daf4a0d  main -> main
✅ Dummy commit pushed at  1 Septemba 2025 10:44:05 alasiri EAT
/home/frank/github_cron/cron.sh: 1: GNU: not found
[main 2055260] Auto-commit: 2025-09-01 22:45:01
 2 files changed, 7 insertions(+), 1 deletion(-)
To github.com:FrankMwangi8118/dummy.git
   daf4a0d..2055260  main -> main
✅ Dummy commit pushed at  1 Septemba 2025 10:45:07 alasiri EAT
/home/frank/github_cron/cron.sh: 1: GNU: not found
[main 45c47e0] Auto-commit: 2025-09-01 22:46:01
 2 files changed, 7 insertions(+), 1 deletion(-)
To github.com:FrankMwangi8118/dummy.git
   2055260..45c47e0  main -> main
✅ Dummy commit pushed at  1 Septemba 2025 10:46:05 alasiri EAT
/home/frank/github_cron/cron.sh: 1: GNU: not found
[main d7a4eac] Auto-commit: 2025-09-01 22:47:01
 2 files changed, 7 insertions(+), 1 deletion(-)
To github.com:FrankMwangi8118/dummy.git
   45c47e0..d7a4eac  main -> main
✅ Dummy commit pushed at  1 Septemba 2025 10:47:06 alasiri EAT
/home/frank/github_cron/cron.sh: 1: GNU: not found
[main 54770c1] Auto-commit: 2025-09-01 22:48:01
 2 files changed, 7 insertions(+), 1 deletion(-)
To github.com:FrankMwangi8118/dummy.git
   d7a4eac..54770c1  main -> main
✅ Dummy commit pushed at  1 Septemba 2025 10:48:05 alasiri EAT
/home/frank/github_cron/cron.sh: 1: GNU: not found
[main 6ea9018] Auto-commit: 2025-09-01 22:49:01
 2 files changed, 7 insertions(+), 1 deletion(-)
To github.com:FrankMwangi8118/dummy.git
   54770c1..6ea9018  main -> main
✅ Dummy commit pushed at  1 Septemba 2025 10:49:04 alasiri EAT
/home/frank/github_cron/cron.sh: 1: GNU: not found
[main 05b5873] Auto-commit: 2025-09-01 22:50:01
 2 files changed, 7 insertions(+), 1 deletion(-)
To github.com:FrankMwangi8118/dummy.git
   6ea9018..05b5873  main -> main
✅ Dummy commit pushed at  1 Septemba 2025 10:50:05 alasiri EAT
/home/frank/github_cron/cron.sh: 1: GNU: not found
[main a9490b9] Auto-commit: 2025-09-01 22:51:01
 2 files changed, 7 insertions(+), 1 deletion(-)
To github.com:FrankMwangi8118/dummy.git
   05b5873..a9490b9  main -> main
✅ Dummy commit pushed at  1 Septemba 2025 10:51:05 alasiri EAT
/home/frank/github_cron/cron.sh: 1: GNU: not found
[main 7db75e2] Auto-commit: 2025-09-01 22:52:01
 2 files changed, 7 insertions(+), 1 deletion(-)
To github.com:FrankMwangi8118/dummy.git
   a9490b9..7db75e2  main -> main
✅ Dummy commit pushed at  1 Septemba 2025 10:52:05 alasiri EAT
/home/frank/github_cron/cron.sh: 1: GNU: not found
[main cb1e662] Auto-commit: 2025-09-01 22:53:01
 2 files changed, 7 insertions(+), 1 deletion(-)
To github.com:FrankMwangi8118/dummy.git
   7db75e2..cb1e662  main -> main
✅ Dummy commit pushed at  1 Septemba 2025 10:53:05 alasiri EAT
/home/frank/github_cron/cron.sh: 1: GNU: not found
[main 0ad7807] Auto-commit: 2025-09-01 22:54:01
 2 files changed, 7 insertions(+), 1 deletion(-)
To github.com:FrankMwangi8118/dummy.git
   cb1e662..0ad7807  main -> main
✅ Dummy commit pushed at  1 Septemba 2025 10:54:05 alasiri EAT
/home/frank/github_cron/cron.sh: 1: GNU: not found
[main 3a6e7b8] Auto-commit: 2025-09-01 22:55:01
 2 files changed, 7 insertions(+), 1 deletion(-)
To github.com:FrankMwangi8118/dummy.git
   0ad7807..3a6e7b8  main -> main
✅ Dummy commit pushed at  1 Septemba 2025 10:55:05 alasiri EAT
/home/frank/github_cron/cron.sh: 1: GNU: not found
[main e8c3501] Auto-commit: 2025-09-01 22:56:01
 2 files changed, 7 insertions(+), 1 deletion(-)
To github.com:FrankMwangi8118/dummy.git
   3a6e7b8..e8c3501  main -> main
✅ Dummy commit pushed at  1 Septemba 2025 10:56:05 alasiri EAT
/home/frank/github_cron/cron.sh: 1: GNU: not found
[main f4a476d] Auto-commit: 2025-09-01 22:57:01
 2 files changed, 7 insertions(+), 1 deletion(-)
To github.com:FrankMwangi8118/dummy.git
   e8c3501..f4a476d  main -> main
✅ Dummy commit pushed at  1 Septemba 2025 10:57:05 alasiri EAT
/home/frank/github_cron/cron.sh: 1: GNU: not found
[main 79df71a] Auto-commit: 2025-09-01 22:58:01
 2 files changed, 7 insertions(+), 1 deletion(-)
To github.com:FrankMwangi8118/dummy.git
   f4a476d..79df71a  main -> main
✅ Dummy commit pushed at  1 Septemba 2025 10:58:05 alasiri EAT
/home/frank/github_cron/cron.sh: 1: GNU: not found
[main e3796ce] Auto-commit: 2025-09-01 22:59:01
 2 files changed, 7 insertions(+), 1 deletion(-)
To github.com:FrankMwangi8118/dummy.git
   79df71a..e3796ce  main -> main
✅ Dummy commit pushed at  1 Septemba 2025 10:59:05 alasiri EAT
/home/frank/github_cron/cron.sh: 1: GNU: not found
[main 8153fbb] Auto-commit: 2025-09-01 23:00:01
 2 files changed, 7 insertions(+), 1 deletion(-)
To github.com:FrankMwangi8118/dummy.git
   e3796ce..8153fbb  main -> main
✅ Dummy commit pushed at  1 Septemba 2025 11:00:05 alasiri EAT
/home/frank/github_cron/cron.sh: 1: GNU: not found
[main a5813be] Auto-commit: 2025-09-01 23:01:01
 2 files changed, 7 insertions(+), 1 deletion(-)
To github.com:FrankMwangi8118/dummy.git
   8153fbb..a5813be  main -> main
✅ Dummy commit pushed at  1 Septemba 2025 11:01:05 alasiri EAT
/home/frank/github_cron/cron.sh: 1: GNU: not found
[main 735e190] Auto-commit: 2025-09-01 23:02:01
 2 files changed, 7 insertions(+), 1 deletion(-)
To github.com:FrankMwangi8118/dummy.git
   a5813be..735e190  main -> main
✅ Dummy commit pushed at  1 Septemba 2025 11:02:05 alasiri EAT
/home/frank/github_cron/cron.sh: 1: GNU: not found
[main 10be3dd] Auto-commit: 2025-09-01 23:03:01
 2 files changed, 7 insertions(+), 1 deletion(-)
To github.com:FrankMwangi8118/dummy.git
   735e190..10be3dd  main -> main
✅ Dummy commit pushed at  1 Septemba 2025 11:03:05 alasiri EAT
/home/frank/github_cron/cron.sh: 1: GNU: not found
[main 1d18692] Auto-commit: 2025-09-01 23:04:01
 2 files changed, 7 insertions(+), 1 deletion(-)
To github.com:FrankMwangi8118/dummy.git
   10be3dd..1d18692  main -> main
✅ Dummy commit pushed at  1 Septemba 2025 11:04:05 alasiri EAT
/home/frank/github_cron/cron.sh: 1: GNU: not found
[main 9ea9d14] Auto-commit: 2025-09-01 23:05:01
 2 files changed, 7 insertions(+), 1 deletion(-)
To github.com:FrankMwangi8118/dummy.git
   1d18692..9ea9d14  main -> main
✅ Dummy commit pushed at  1 Septemba 2025 11:05:06 alasiri EAT
/home/frank/github_cron/cron.sh: 1: GNU: not found
[main 70e9fb8] Auto-commit: 2025-09-01 23:06:01
 2 files changed, 7 insertions(+), 1 deletion(-)
To github.com:FrankMwangi8118/dummy.git
   9ea9d14..70e9fb8  main -> main
✅ Dummy commit pushed at  1 Septemba 2025 11:06:05 alasiri EAT
/home/frank/github_cron/cron.sh: 1: GNU: not found
[main 740fe64] Auto-commit: 2025-09-01 23:07:01
 2 files changed, 7 insertions(+), 1 deletion(-)
To github.com:FrankMwangi8118/dummy.git
   70e9fb8..740fe64  main -> main
✅ Dummy commit pushed at  1 Septemba 2025 11:07:05 alasiri EAT
/home/frank/github_cron/cron.sh: 1: GNU: not found
[main 7a15ab9] Auto-commit: 2025-09-01 23:08:01
 2 files changed, 7 insertions(+), 1 deletion(-)
To github.com:FrankMwangi8118/dummy.git
   740fe64..7a15ab9  main -> main
✅ Dummy commit pushed at  1 Septemba 2025 11:08:05 alasiri EAT
/home/frank/github_cron/cron.sh: 1: GNU: not found
[main 6319d36] Auto-commit: 2025-09-01 23:09:01
 2 files changed, 7 insertions(+), 1 deletion(-)
To github.com:FrankMwangi8118/dummy.git
   7a15ab9..6319d36  main -> main
✅ Dummy commit pushed at  1 Septemba 2025 11:09:05 alasiri EAT
/home/frank/github_cron/cron.sh: 1: GNU: not found
[main ae8d1f5] Auto-commit: 2025-09-01 23:10:01
 2 files changed, 7 insertions(+), 1 deletion(-)
To github.com:FrankMwangi8118/dummy.git
   6319d36..ae8d1f5  main -> main
✅ Dummy commit pushed at  1 Septemba 2025 11:10:05 alasiri EAT
/home/frank/github_cron/cron.sh: 1: GNU: not found
[main 59ece9a] Auto-commit: 2025-09-01 23:11:01
 2 files changed, 7 insertions(+), 1 deletion(-)
To github.com:FrankMwangi8118/dummy.git
   ae8d1f5..59ece9a  main -> main
✅ Dummy commit pushed at  1 Septemba 2025 11:11:05 alasiri EAT
/home/frank/github_cron/cron.sh: 1: GNU: not found
[main 3b47a12] Auto-commit: 2025-09-01 23:12:01
 2 files changed, 7 insertions(+), 1 deletion(-)
To github.com:FrankMwangi8118/dummy.git
   59ece9a..3b47a12  main -> main
✅ Dummy commit pushed at  1 Septemba 2025 11:12:05 alasiri EAT
/home/frank/github_cron/cron.sh: 1: GNU: not found
[main 4775245] Auto-commit: 2025-09-01 23:13:01
 2 files changed, 7 insertions(+), 1 deletion(-)
To github.com:FrankMwangi8118/dummy.git
   3b47a12..4775245  main -> main
✅ Dummy commit pushed at  1 Septemba 2025 11:13:06 alasiri EAT
/home/frank/github_cron/cron.sh: 1: GNU: not found
